<?xml version="1.0" encoding="UTF-8"?>
<testsuite xmlns:xsi="http://www.w3.org/2001/XMLSchema-instance" xsi:noNamespaceSchemaLocation="https://maven.apache.org/surefire/maven-surefire-plugin/xsd/surefire-test-report.xsd" name="com.jingle.employee.EmployeeServiceControllerTest" time="4.346" tests="2" errors="1" skipped="0" failures="0">
  <properties>
    <property name="java.specification.version" value="17"/>
    <property name="sun.cpu.isalist" value="amd64"/>
    <property name="sun.jnu.encoding" value="Cp1252"/>
    <property name="java.class.path" value="D:\study\springboot\gitrepository\target\test-classes;D:\study\springboot\gitrepository\target\classes;D:\tools\apache-maven\repository\org\springframework\boot\spring-boot-starter-data-jpa\2.7.3\spring-boot-starter-data-jpa-2.7.3.jar;D:\tools\apache-maven\repository\org\springframework\boot\spring-boot-starter-aop\2.7.3\spring-boot-starter-aop-2.7.3.jar;D:\tools\apache-maven\repository\org\springframework\spring-aop\5.3.22\spring-aop-5.3.22.jar;D:\tools\apache-maven\repository\org\aspectj\aspectjweaver\1.9.7\aspectjweaver-1.9.7.jar;D:\tools\apache-maven\repository\org\springframework\boot\spring-boot-starter-jdbc\2.7.3\spring-boot-starter-jdbc-2.7.3.jar;D:\tools\apache-maven\repository\com\zaxxer\HikariCP\4.0.3\HikariCP-4.0.3.jar;D:\tools\apache-maven\repository\org\springframework\spring-jdbc\5.3.22\spring-jdbc-5.3.22.jar;D:\tools\apache-maven\repository\jakarta\transaction\jakarta.transaction-api\1.3.3\jakarta.transaction-api-1.3.3.jar;D:\tools\apache-maven\repository\jakarta\persistence\jakarta.persistence-api\2.2.3\jakarta.persistence-api-2.2.3.jar;D:\tools\apache-maven\repository\org\hibernate\hibernate-core\5.6.10.Final\hibernate-core-5.6.10.Final.jar;D:\tools\apache-maven\repository\org\jboss\logging\jboss-logging\3.4.3.Final\jboss-logging-3.4.3.Final.jar;D:\tools\apache-maven\repository\net\bytebuddy\byte-buddy\1.12.13\byte-buddy-1.12.13.jar;D:\tools\apache-maven\repository\antlr\antlr\2.7.7\antlr-2.7.7.jar;D:\tools\apache-maven\repository\org\jboss\jandex\2.4.2.Final\jandex-2.4.2.Final.jar;D:\tools\apache-maven\repository\com\fasterxml\classmate\1.5.1\classmate-1.5.1.jar;D:\tools\apache-maven\repository\org\hibernate\common\hibernate-commons-annotations\5.1.2.Final\hibernate-commons-annotations-5.1.2.Final.jar;D:\tools\apache-maven\repository\org\glassfish\jaxb\jaxb-runtime\2.3.6\jaxb-runtime-2.3.6.jar;D:\tools\apache-maven\repository\org\glassfish\jaxb\txw2\2.3.6\txw2-2.3.6.jar;D:\tools\apache-maven\repository\com\sun\istack\istack-commons-runtime\3.0.12\istack-commons-runtime-3.0.12.jar;D:\tools\apache-maven\repository\com\sun\activation\jakarta.activation\1.2.2\jakarta.activation-1.2.2.jar;D:\tools\apache-maven\repository\org\springframework\data\spring-data-jpa\2.7.2\spring-data-jpa-2.7.2.jar;D:\tools\apache-maven\repository\org\springframework\data\spring-data-commons\2.7.2\spring-data-commons-2.7.2.jar;D:\tools\apache-maven\repository\org\springframework\spring-orm\5.3.22\spring-orm-5.3.22.jar;D:\tools\apache-maven\repository\org\springframework\spring-context\5.3.22\spring-context-5.3.22.jar;D:\tools\apache-maven\repository\org\springframework\spring-tx\5.3.22\spring-tx-5.3.22.jar;D:\tools\apache-maven\repository\org\springframework\spring-beans\5.3.22\spring-beans-5.3.22.jar;D:\tools\apache-maven\repository\org\slf4j\slf4j-api\1.7.36\slf4j-api-1.7.36.jar;D:\tools\apache-maven\repository\org\springframework\spring-aspects\5.3.22\spring-aspects-5.3.22.jar;D:\tools\apache-maven\repository\org\springframework\boot\spring-boot-starter-web\2.7.3\spring-boot-starter-web-2.7.3.jar;D:\tools\apache-maven\repository\org\springframework\boot\spring-boot-starter\2.7.3\spring-boot-starter-2.7.3.jar;D:\tools\apache-maven\repository\org\springframework\boot\spring-boot\2.7.3\spring-boot-2.7.3.jar;D:\tools\apache-maven\repository\org\springframework\boot\spring-boot-autoconfigure\2.7.3\spring-boot-autoconfigure-2.7.3.jar;D:\tools\apache-maven\repository\org\springframework\boot\spring-boot-starter-logging\2.7.3\spring-boot-starter-logging-2.7.3.jar;D:\tools\apache-maven\repository\ch\qos\logback\logback-classic\1.2.11\logback-classic-1.2.11.jar;D:\tools\apache-maven\repository\ch\qos\logback\logback-core\1.2.11\logback-core-1.2.11.jar;D:\tools\apache-maven\repository\org\apache\logging\log4j\log4j-to-slf4j\2.17.2\log4j-to-slf4j-2.17.2.jar;D:\tools\apache-maven\repository\org\apache\logging\log4j\log4j-api\2.17.2\log4j-api-2.17.2.jar;D:\tools\apache-maven\repository\org\slf4j\jul-to-slf4j\1.7.36\jul-to-slf4j-1.7.36.jar;D:\tools\apache-maven\repository\jakarta\annotation\jakarta.annotation-api\1.3.5\jakarta.annotation-api-1.3.5.jar;D:\tools\apache-maven\repository\org\yaml\snakeyaml\1.30\snakeyaml-1.30.jar;D:\tools\apache-maven\repository\org\springframework\boot\spring-boot-starter-json\2.7.3\spring-boot-starter-json-2.7.3.jar;D:\tools\apache-maven\repository\com\fasterxml\jackson\core\jackson-databind\2.13.3\jackson-databind-2.13.3.jar;D:\tools\apache-maven\repository\com\fasterxml\jackson\core\jackson-annotations\2.13.3\jackson-annotations-2.13.3.jar;D:\tools\apache-maven\repository\com\fasterxml\jackson\core\jackson-core\2.13.3\jackson-core-2.13.3.jar;D:\tools\apache-maven\repository\com\fasterxml\jackson\datatype\jackson-datatype-jdk8\2.13.3\jackson-datatype-jdk8-2.13.3.jar;D:\tools\apache-maven\repository\com\fasterxml\jackson\datatype\jackson-datatype-jsr310\2.13.3\jackson-datatype-jsr310-2.13.3.jar;D:\tools\apache-maven\repository\com\fasterxml\jackson\module\jackson-module-parameter-names\2.13.3\jackson-module-parameter-names-2.13.3.jar;D:\tools\apache-maven\repository\org\springframework\boot\spring-boot-starter-tomcat\2.7.3\spring-boot-starter-tomcat-2.7.3.jar;D:\tools\apache-maven\repository\org\apache\tomcat\embed\tomcat-embed-core\9.0.65\tomcat-embed-core-9.0.65.jar;D:\tools\apache-maven\repository\org\apache\tomcat\embed\tomcat-embed-el\9.0.65\tomcat-embed-el-9.0.65.jar;D:\tools\apache-maven\repository\org\apache\tomcat\embed\tomcat-embed-websocket\9.0.65\tomcat-embed-websocket-9.0.65.jar;D:\tools\apache-maven\repository\org\springframework\spring-web\5.3.22\spring-web-5.3.22.jar;D:\tools\apache-maven\repository\org\springframework\spring-webmvc\5.3.22\spring-webmvc-5.3.22.jar;D:\tools\apache-maven\repository\org\springframework\spring-expression\5.3.22\spring-expression-5.3.22.jar;D:\tools\apache-maven\repository\org\springframework\boot\spring-boot-starter-actuator\2.7.3\spring-boot-starter-actuator-2.7.3.jar;D:\tools\apache-maven\repository\org\springframework\boot\spring-boot-actuator-autoconfigure\2.7.3\spring-boot-actuator-autoconfigure-2.7.3.jar;D:\tools\apache-maven\repository\org\springframework\boot\spring-boot-actuator\2.7.3\spring-boot-actuator-2.7.3.jar;D:\tools\apache-maven\repository\io\micrometer\micrometer-core\1.9.3\micrometer-core-1.9.3.jar;D:\tools\apache-maven\repository\org\hdrhistogram\HdrHistogram\2.1.12\HdrHistogram-2.1.12.jar;D:\tools\apache-maven\repository\org\latencyutils\LatencyUtils\2.0.3\LatencyUtils-2.0.3.jar;D:\tools\apache-maven\repository\org\springframework\boot\spring-boot-starter-test\2.7.3\spring-boot-starter-test-2.7.3.jar;D:\tools\apache-maven\repository\org\springframework\boot\spring-boot-test\2.7.3\spring-boot-test-2.7.3.jar;D:\tools\apache-maven\repository\org\springframework\boot\spring-boot-test-autoconfigure\2.7.3\spring-boot-test-autoconfigure-2.7.3.jar;D:\tools\apache-maven\repository\com\jayway\jsonpath\json-path\2.7.0\json-path-2.7.0.jar;D:\tools\apache-maven\repository\net\minidev\json-smart\2.4.8\json-smart-2.4.8.jar;D:\tools\apache-maven\repository\net\minidev\accessors-smart\2.4.8\accessors-smart-2.4.8.jar;D:\tools\apache-maven\repository\org\ow2\asm\asm\9.1\asm-9.1.jar;D:\tools\apache-maven\repository\jakarta\xml\bind\jakarta.xml.bind-api\2.3.3\jakarta.xml.bind-api-2.3.3.jar;D:\tools\apache-maven\repository\jakarta\activation\jakarta.activation-api\1.2.2\jakarta.activation-api-1.2.2.jar;D:\tools\apache-maven\repository\org\assertj\assertj-core\3.22.0\assertj-core-3.22.0.jar;D:\tools\apache-maven\repository\org\hamcrest\hamcrest\2.2\hamcrest-2.2.jar;D:\tools\apache-maven\repository\org\junit\jupiter\junit-jupiter\5.8.2\junit-jupiter-5.8.2.jar;D:\tools\apache-maven\repository\org\junit\jupiter\junit-jupiter-api\5.8.2\junit-jupiter-api-5.8.2.jar;D:\tools\apache-maven\repository\org\opentest4j\opentest4j\1.2.0\opentest4j-1.2.0.jar;D:\tools\apache-maven\repository\org\junit\platform\junit-platform-commons\1.8.2\junit-platform-commons-1.8.2.jar;D:\tools\apache-maven\repository\org\apiguardian\apiguardian-api\1.1.2\apiguardian-api-1.1.2.jar;D:\tools\apache-maven\repository\org\junit\jupiter\junit-jupiter-params\5.8.2\junit-jupiter-params-5.8.2.jar;D:\tools\apache-maven\repository\org\junit\jupiter\junit-jupiter-engine\5.8.2\junit-jupiter-engine-5.8.2.jar;D:\tools\apache-maven\repository\org\junit\platform\junit-platform-engine\1.8.2\junit-platform-engine-1.8.2.jar;D:\tools\apache-maven\repository\org\mockito\mockito-core\4.5.1\mockito-core-4.5.1.jar;D:\tools\apache-maven\repository\net\bytebuddy\byte-buddy-agent\1.12.13\byte-buddy-agent-1.12.13.jar;D:\tools\apache-maven\repository\org\objenesis\objenesis\3.2\objenesis-3.2.jar;D:\tools\apache-maven\repository\org\mockito\mockito-junit-jupiter\4.5.1\mockito-junit-jupiter-4.5.1.jar;D:\tools\apache-maven\repository\org\skyscreamer\jsonassert\1.5.1\jsonassert-1.5.1.jar;D:\tools\apache-maven\repository\com\vaadin\external\google\android-json\0.0.20131108.vaadin1\android-json-0.0.20131108.vaadin1.jar;D:\tools\apache-maven\repository\org\springframework\spring-core\5.3.22\spring-core-5.3.22.jar;D:\tools\apache-maven\repository\org\springframework\spring-jcl\5.3.22\spring-jcl-5.3.22.jar;D:\tools\apache-maven\repository\org\springframework\spring-test\5.3.22\spring-test-5.3.22.jar;D:\tools\apache-maven\repository\org\xmlunit\xmlunit-core\2.9.0\xmlunit-core-2.9.0.jar;D:\tools\apache-maven\repository\mysql\mysql-connector-java\8.0.30\mysql-connector-java-8.0.30.jar;"/>
    <property name="java.vm.vendor" value="Eclipse Adoptium"/>
    <property name="sun.arch.data.model" value="64"/>
    <property name="user.variant" value=""/>
    <property name="java.vendor.url" value="https://adoptium.net/"/>
    <property name="user.timezone" value="America/Chicago"/>
    <property name="user.country.format" value="US"/>
    <property name="os.name" value="Windows 11"/>
    <property name="java.vm.specification.version" value="17"/>
    <property name="sun.java.launcher" value="SUN_STANDARD"/>
    <property name="user.country" value="CN"/>
    <property name="sun.boot.library.path" value="C:\Users\10574\.p2\pool\plugins\org.eclipse.justj.openjdk.hotspot.jre.full.win32.x86_64_17.0.2.v20220201-1208\jre\bin"/>
    <property name="sun.java.command" value="C:\Users\10574\AppData\Local\Temp\surefire13922453497343781140\surefirebooter9200377247563851426.jar C:\Users\10574\AppData\Local\Temp\surefire13922453497343781140 2022-12-29T23-21-37_705-jvmRun1 surefire974664145141343186tmp surefire_011921462102985734326tmp"/>
    <property name="jdk.debug" value="release"/>
    <property name="surefire.test.class.path" value="D:\study\springboot\gitrepository\target\test-classes;D:\study\springboot\gitrepository\target\classes;D:\tools\apache-maven\repository\org\springframework\boot\spring-boot-starter-data-jpa\2.7.3\spring-boot-starter-data-jpa-2.7.3.jar;D:\tools\apache-maven\repository\org\springframework\boot\spring-boot-starter-aop\2.7.3\spring-boot-starter-aop-2.7.3.jar;D:\tools\apache-maven\repository\org\springframework\spring-aop\5.3.22\spring-aop-5.3.22.jar;D:\tools\apache-maven\repository\org\aspectj\aspectjweaver\1.9.7\aspectjweaver-1.9.7.jar;D:\tools\apache-maven\repository\org\springframework\boot\spring-boot-starter-jdbc\2.7.3\spring-boot-starter-jdbc-2.7.3.jar;D:\tools\apache-maven\repository\com\zaxxer\HikariCP\4.0.3\HikariCP-4.0.3.jar;D:\tools\apache-maven\repository\org\springframework\spring-jdbc\5.3.22\spring-jdbc-5.3.22.jar;D:\tools\apache-maven\repository\jakarta\transaction\jakarta.transaction-api\1.3.3\jakarta.transaction-api-1.3.3.jar;D:\tools\apache-maven\repository\jakarta\persistence\jakarta.persistence-api\2.2.3\jakarta.persistence-api-2.2.3.jar;D:\tools\apache-maven\repository\org\hibernate\hibernate-core\5.6.10.Final\hibernate-core-5.6.10.Final.jar;D:\tools\apache-maven\repository\org\jboss\logging\jboss-logging\3.4.3.Final\jboss-logging-3.4.3.Final.jar;D:\tools\apache-maven\repository\net\bytebuddy\byte-buddy\1.12.13\byte-buddy-1.12.13.jar;D:\tools\apache-maven\repository\antlr\antlr\2.7.7\antlr-2.7.7.jar;D:\tools\apache-maven\repository\org\jboss\jandex\2.4.2.Final\jandex-2.4.2.Final.jar;D:\tools\apache-maven\repository\com\fasterxml\classmate\1.5.1\classmate-1.5.1.jar;D:\tools\apache-maven\repository\org\hibernate\common\hibernate-commons-annotations\5.1.2.Final\hibernate-commons-annotations-5.1.2.Final.jar;D:\tools\apache-maven\repository\org\glassfish\jaxb\jaxb-runtime\2.3.6\jaxb-runtime-2.3.6.jar;D:\tools\apache-maven\repository\org\glassfish\jaxb\txw2\2.3.6\txw2-2.3.6.jar;D:\tools\apache-maven\repository\com\sun\istack\istack-commons-runtime\3.0.12\istack-commons-runtime-3.0.12.jar;D:\tools\apache-maven\repository\com\sun\activation\jakarta.activation\1.2.2\jakarta.activation-1.2.2.jar;D:\tools\apache-maven\repository\org\springframework\data\spring-data-jpa\2.7.2\spring-data-jpa-2.7.2.jar;D:\tools\apache-maven\repository\org\springframework\data\spring-data-commons\2.7.2\spring-data-commons-2.7.2.jar;D:\tools\apache-maven\repository\org\springframework\spring-orm\5.3.22\spring-orm-5.3.22.jar;D:\tools\apache-maven\repository\org\springframework\spring-context\5.3.22\spring-context-5.3.22.jar;D:\tools\apache-maven\repository\org\springframework\spring-tx\5.3.22\spring-tx-5.3.22.jar;D:\tools\apache-maven\repository\org\springframework\spring-beans\5.3.22\spring-beans-5.3.22.jar;D:\tools\apache-maven\repository\org\slf4j\slf4j-api\1.7.36\slf4j-api-1.7.36.jar;D:\tools\apache-maven\repository\org\springframework\spring-aspects\5.3.22\spring-aspects-5.3.22.jar;D:\tools\apache-maven\repository\org\springframework\boot\spring-boot-starter-web\2.7.3\spring-boot-starter-web-2.7.3.jar;D:\tools\apache-maven\repository\org\springframework\boot\spring-boot-starter\2.7.3\spring-boot-starter-2.7.3.jar;D:\tools\apache-maven\repository\org\springframework\boot\spring-boot\2.7.3\spring-boot-2.7.3.jar;D:\tools\apache-maven\repository\org\springframework\boot\spring-boot-autoconfigure\2.7.3\spring-boot-autoconfigure-2.7.3.jar;D:\tools\apache-maven\repository\org\springframework\boot\spring-boot-starter-logging\2.7.3\spring-boot-starter-logging-2.7.3.jar;D:\tools\apache-maven\repository\ch\qos\logback\logback-classic\1.2.11\logback-classic-1.2.11.jar;D:\tools\apache-maven\repository\ch\qos\logback\logback-core\1.2.11\logback-core-1.2.11.jar;D:\tools\apache-maven\repository\org\apache\logging\log4j\log4j-to-slf4j\2.17.2\log4j-to-slf4j-2.17.2.jar;D:\tools\apache-maven\repository\org\apache\logging\log4j\log4j-api\2.17.2\log4j-api-2.17.2.jar;D:\tools\apache-maven\repository\org\slf4j\jul-to-slf4j\1.7.36\jul-to-slf4j-1.7.36.jar;D:\tools\apache-maven\repository\jakarta\annotation\jakarta.annotation-api\1.3.5\jakarta.annotation-api-1.3.5.jar;D:\tools\apache-maven\repository\org\yaml\snakeyaml\1.30\snakeyaml-1.30.jar;D:\tools\apache-maven\repository\org\springframework\boot\spring-boot-starter-json\2.7.3\spring-boot-starter-json-2.7.3.jar;D:\tools\apache-maven\repository\com\fasterxml\jackson\core\jackson-databind\2.13.3\jackson-databind-2.13.3.jar;D:\tools\apache-maven\repository\com\fasterxml\jackson\core\jackson-annotations\2.13.3\jackson-annotations-2.13.3.jar;D:\tools\apache-maven\repository\com\fasterxml\jackson\core\jackson-core\2.13.3\jackson-core-2.13.3.jar;D:\tools\apache-maven\repository\com\fasterxml\jackson\datatype\jackson-datatype-jdk8\2.13.3\jackson-datatype-jdk8-2.13.3.jar;D:\tools\apache-maven\repository\com\fasterxml\jackson\datatype\jackson-datatype-jsr310\2.13.3\jackson-datatype-jsr310-2.13.3.jar;D:\tools\apache-maven\repository\com\fasterxml\jackson\module\jackson-module-parameter-names\2.13.3\jackson-module-parameter-names-2.13.3.jar;D:\tools\apache-maven\repository\org\springframework\boot\spring-boot-starter-tomcat\2.7.3\spring-boot-starter-tomcat-2.7.3.jar;D:\tools\apache-maven\repository\org\apache\tomcat\embed\tomcat-embed-core\9.0.65\tomcat-embed-core-9.0.65.jar;D:\tools\apache-maven\repository\org\apache\tomcat\embed\tomcat-embed-el\9.0.65\tomcat-embed-el-9.0.65.jar;D:\tools\apache-maven\repository\org\apache\tomcat\embed\tomcat-embed-websocket\9.0.65\tomcat-embed-websocket-9.0.65.jar;D:\tools\apache-maven\repository\org\springframework\spring-web\5.3.22\spring-web-5.3.22.jar;D:\tools\apache-maven\repository\org\springframework\spring-webmvc\5.3.22\spring-webmvc-5.3.22.jar;D:\tools\apache-maven\repository\org\springframework\spring-expression\5.3.22\spring-expression-5.3.22.jar;D:\tools\apache-maven\repository\org\springframework\boot\spring-boot-starter-actuator\2.7.3\spring-boot-starter-actuator-2.7.3.jar;D:\tools\apache-maven\repository\org\springframework\boot\spring-boot-actuator-autoconfigure\2.7.3\spring-boot-actuator-autoconfigure-2.7.3.jar;D:\tools\apache-maven\repository\org\springframework\boot\spring-boot-actuator\2.7.3\spring-boot-actuator-2.7.3.jar;D:\tools\apache-maven\repository\io\micrometer\micrometer-core\1.9.3\micrometer-core-1.9.3.jar;D:\tools\apache-maven\repository\org\hdrhistogram\HdrHistogram\2.1.12\HdrHistogram-2.1.12.jar;D:\tools\apache-maven\repository\org\latencyutils\LatencyUtils\2.0.3\LatencyUtils-2.0.3.jar;D:\tools\apache-maven\repository\org\springframework\boot\spring-boot-starter-test\2.7.3\spring-boot-starter-test-2.7.3.jar;D:\tools\apache-maven\repository\org\springframework\boot\spring-boot-test\2.7.3\spring-boot-test-2.7.3.jar;D:\tools\apache-maven\repository\org\springframework\boot\spring-boot-test-autoconfigure\2.7.3\spring-boot-test-autoconfigure-2.7.3.jar;D:\tools\apache-maven\repository\com\jayway\jsonpath\json-path\2.7.0\json-path-2.7.0.jar;D:\tools\apache-maven\repository\net\minidev\json-smart\2.4.8\json-smart-2.4.8.jar;D:\tools\apache-maven\repository\net\minidev\accessors-smart\2.4.8\accessors-smart-2.4.8.jar;D:\tools\apache-maven\repository\org\ow2\asm\asm\9.1\asm-9.1.jar;D:\tools\apache-maven\repository\jakarta\xml\bind\jakarta.xml.bind-api\2.3.3\jakarta.xml.bind-api-2.3.3.jar;D:\tools\apache-maven\repository\jakarta\activation\jakarta.activation-api\1.2.2\jakarta.activation-api-1.2.2.jar;D:\tools\apache-maven\repository\org\assertj\assertj-core\3.22.0\assertj-core-3.22.0.jar;D:\tools\apache-maven\repository\org\hamcrest\hamcrest\2.2\hamcrest-2.2.jar;D:\tools\apache-maven\repository\org\junit\jupiter\junit-jupiter\5.8.2\junit-jupiter-5.8.2.jar;D:\tools\apache-maven\repository\org\junit\jupiter\junit-jupiter-api\5.8.2\junit-jupiter-api-5.8.2.jar;D:\tools\apache-maven\repository\org\opentest4j\opentest4j\1.2.0\opentest4j-1.2.0.jar;D:\tools\apache-maven\repository\org\junit\platform\junit-platform-commons\1.8.2\junit-platform-commons-1.8.2.jar;D:\tools\apache-maven\repository\org\apiguardian\apiguardian-api\1.1.2\apiguardian-api-1.1.2.jar;D:\tools\apache-maven\repository\org\junit\jupiter\junit-jupiter-params\5.8.2\junit-jupiter-params-5.8.2.jar;D:\tools\apache-maven\repository\org\junit\jupiter\junit-jupiter-engine\5.8.2\junit-jupiter-engine-5.8.2.jar;D:\tools\apache-maven\repository\org\junit\platform\junit-platform-engine\1.8.2\junit-platform-engine-1.8.2.jar;D:\tools\apache-maven\repository\org\mockito\mockito-core\4.5.1\mockito-core-4.5.1.jar;D:\tools\apache-maven\repository\net\bytebuddy\byte-buddy-agent\1.12.13\byte-buddy-agent-1.12.13.jar;D:\tools\apache-maven\repository\org\objenesis\objenesis\3.2\objenesis-3.2.jar;D:\tools\apache-maven\repository\org\mockito\mockito-junit-jupiter\4.5.1\mockito-junit-jupiter-4.5.1.jar;D:\tools\apache-maven\repository\org\skyscreamer\jsonassert\1.5.1\jsonassert-1.5.1.jar;D:\tools\apache-maven\repository\com\vaadin\external\google\android-json\0.0.20131108.vaadin1\android-json-0.0.20131108.vaadin1.jar;D:\tools\apache-maven\repository\org\springframework\spring-core\5.3.22\spring-core-5.3.22.jar;D:\tools\apache-maven\repository\org\springframework\spring-jcl\5.3.22\spring-jcl-5.3.22.jar;D:\tools\apache-maven\repository\org\springframework\spring-test\5.3.22\spring-test-5.3.22.jar;D:\tools\apache-maven\repository\org\xmlunit\xmlunit-core\2.9.0\xmlunit-core-2.9.0.jar;D:\tools\apache-maven\repository\mysql\mysql-connector-java\8.0.30\mysql-connector-java-8.0.30.jar;"/>
    <property name="sun.cpu.endian" value="little"/>
    <property name="user.home" value="C:\Users\10574"/>
    <property name="user.language" value="zh"/>
    <property name="java.specification.vendor" value="Oracle Corporation"/>
    <property name="java.version.date" value="2022-01-18"/>
    <property name="java.home" value="C:\Users\10574\.p2\pool\plugins\org.eclipse.justj.openjdk.hotspot.jre.full.win32.x86_64_17.0.2.v20220201-1208\jre"/>
    <property name="file.separator" value="\"/>
    <property name="basedir" value="D:\study\springboot\gitrepository"/>
    <property name="java.vm.compressedOopsMode" value="Zero based"/>
    <property name="line.separator" value="&#10;"/>
    <property name="java.vm.specification.vendor" value="Oracle Corporation"/>
    <property name="java.specification.name" value="Java Platform API Specification"/>
    <property name="surefire.real.class.path" value="C:\Users\10574\AppData\Local\Temp\surefire13922453497343781140\surefirebooter9200377247563851426.jar"/>
    <property name="user.script" value=""/>
    <property name="sun.management.compiler" value="HotSpot 64-Bit Tiered Compilers"/>
    <property name="java.runtime.version" value="17.0.2+8"/>
    <property name="user.name" value="10574"/>
    <property name="path.separator" value=";"/>
    <property name="os.version" value="10.0"/>
    <property name="java.runtime.name" value="OpenJDK Runtime Environment"/>
    <property name="file.encoding" value="Cp1252"/>
    <property name="java.vm.name" value="OpenJDK 64-Bit Server VM"/>
    <property name="java.vendor.version" value="Temurin-17.0.2+8"/>
    <property name="localRepository" value="D:\tools\apache-maven\repository"/>
    <property name="java.vendor.url.bug" value="https://github.com/adoptium/adoptium-support/issues"/>
    <property name="java.io.tmpdir" value="C:\Users\10574\AppData\Local\Temp\"/>
    <property name="idea.version" value="2021.3.1"/>
    <property name="java.version" value="17.0.2"/>
    <property name="user.dir" value="D:\study\springboot\gitrepository"/>
    <property name="os.arch" value="amd64"/>
    <property name="java.vm.specification.name" value="Java Virtual Machine Specification"/>
    <property name="user.language.format" value="en"/>
    <property name="sun.os.patch.level" value=""/>
    <property name="native.encoding" value="Cp1252"/>
    <property name="java.library.path" value="C:\Users\10574\.p2\pool\plugins\org.eclipse.justj.openjdk.hotspot.jre.full.win32.x86_64_17.0.2.v20220201-1208\jre\bin;C:\Windows\Sun\Java\bin;C:\Windows\system32;C:\Windows;C:\Python311\Scripts\;C:\Python311\;C:\Users\10574\AppData\Local\Programs\Python\Python310\Scripts\;C:\Users\10574\AppData\Local\Programs\Python\Python310\;&quot;C:\Program Files\Common Files\Oracle\Java\javapath;D:\tools\apache-maven\bin\&quot;;C:\Windows\system32;C:\Windows;C:\Windows\System32\Wbem;C:\Windows\System32\WindowsPowerShell\v1.0\;C:\Windows\System32\OpenSSH\;C:\Program Files\Git\cmd;C:\ProgramData\chocolatey\bin;;C:\Program Files\Docker\Docker\resources\bin;C:\Program Files\nodejs\;C:\Users\10574\AppData\Local\Microsoft\WindowsApps;C:\Program Files\JetBrains\IntelliJ IDEA Community Edition 2021.3.1\bin;;D:\LenovoSoftstore\Install\QQliuxidating\QQGameTempest\Hall.57773\;D:\tools\apache-maven\bin;C:\Program Files\Java\jdk-17.0.4\bin;C:\Users\10574\AppData\Local\GitHubDesktop\bin;C:\Users\10574\AppData\Local\Programs\Microsoft VS Code\bin;C:\Users\10574\AppData\Roaming\npm;."/>
    <property name="java.vm.info" value="mixed mode"/>
    <property name="java.vendor" value="Eclipse Adoptium"/>
    <property name="java.vm.version" value="17.0.2+8"/>
    <property name="sun.io.unicode.encoding" value="UnicodeLittle"/>
    <property name="java.class.version" value="61.0"/>
  </properties>
  <testcase name="getEmployee" classname="com.jingle.employee.EmployeeServiceControllerTest" time="0.192">
    <error message="No content to map due to end-of-input&#10; at [Source: (String)&quot;&quot;; line: 1, column: 0]" type="com.fasterxml.jackson.databind.exc.MismatchedInputException">com.fasterxml.jackson.databind.exc.MismatchedInputException: 
No content to map due to end-of-input
 at [Source: (String)""; line: 1, column: 0]
	at com.jingle.employee.EmployeeServiceControllerTest.getEmployee(EmployeeServiceControllerTest.java:28)
</error>
    <system-out><![CDATA[23:21:38.467 [main] DEBUG org.springframework.test.context.BootstrapUtils - Instantiating CacheAwareContextLoaderDelegate from class [org.springframework.test.context.cache.DefaultCacheAwareContextLoaderDelegate]
23:21:38.473 [main] DEBUG org.springframework.test.context.BootstrapUtils - Instantiating BootstrapContext using constructor [public org.springframework.test.context.support.DefaultBootstrapContext(java.lang.Class,org.springframework.test.context.CacheAwareContextLoaderDelegate)]
23:21:38.496 [main] DEBUG org.springframework.test.context.BootstrapUtils - Instantiating TestContextBootstrapper for test class [com.jingle.employee.EmployeeServiceControllerTest] from class [org.springframework.boot.test.context.SpringBootTestContextBootstrapper]
23:21:38.504 [main] INFO org.springframework.boot.test.context.SpringBootTestContextBootstrapper - Neither @ContextConfiguration nor @ContextHierarchy found for test class [com.jingle.employee.EmployeeServiceControllerTest], using SpringBootContextLoader
23:21:38.506 [main] DEBUG org.springframework.test.context.support.AbstractContextLoader - Did not detect default resource location for test class [com.jingle.employee.EmployeeServiceControllerTest]: class path resource [com/jingle/employee/EmployeeServiceControllerTest-context.xml] does not exist
23:21:38.506 [main] DEBUG org.springframework.test.context.support.AbstractContextLoader - Did not detect default resource location for test class [com.jingle.employee.EmployeeServiceControllerTest]: class path resource [com/jingle/employee/EmployeeServiceControllerTestContext.groovy] does not exist
23:21:38.506 [main] INFO org.springframework.test.context.support.AbstractContextLoader - Could not detect default resource locations for test class [com.jingle.employee.EmployeeServiceControllerTest]: no resource found for suffixes {-context.xml, Context.groovy}.
23:21:38.507 [main] INFO org.springframework.test.context.support.AnnotationConfigContextLoaderUtils - Could not detect default configuration classes for test class [com.jingle.employee.EmployeeServiceControllerTest]: EmployeeServiceControllerTest does not declare any static, non-private, non-final, nested classes annotated with @Configuration.
23:21:38.539 [main] DEBUG org.springframework.test.context.support.ActiveProfilesUtils - Could not find an 'annotation declaring class' for annotation type [org.springframework.test.context.ActiveProfiles] and class [com.jingle.employee.EmployeeServiceControllerTest]
23:21:38.574 [main] DEBUG org.springframework.context.annotation.ClassPathScanningCandidateComponentProvider - Identified candidate component class: file [D:\study\springboot\gitrepository\target\classes\com\jingle\ECommerceApplication.class]
23:21:38.575 [main] INFO org.springframework.boot.test.context.SpringBootTestContextBootstrapper - Found @SpringBootConfiguration com.jingle.ECommerceApplication for test class com.jingle.employee.EmployeeServiceControllerTest
23:21:38.643 [main] DEBUG org.springframework.boot.test.context.SpringBootTestContextBootstrapper - @TestExecutionListeners is not present for class [com.jingle.employee.EmployeeServiceControllerTest]: using defaults.
23:21:38.643 [main] INFO org.springframework.boot.test.context.SpringBootTestContextBootstrapper - Loaded default TestExecutionListener class names from location [META-INF/spring.factories]: [org.springframework.boot.test.mock.mockito.MockitoTestExecutionListener, org.springframework.boot.test.mock.mockito.ResetMocksTestExecutionListener, org.springframework.boot.test.autoconfigure.restdocs.RestDocsTestExecutionListener, org.springframework.boot.test.autoconfigure.web.client.MockRestServiceServerResetTestExecutionListener, org.springframework.boot.test.autoconfigure.web.servlet.MockMvcPrintOnlyOnFailureTestExecutionListener, org.springframework.boot.test.autoconfigure.web.servlet.WebDriverTestExecutionListener, org.springframework.boot.test.autoconfigure.webservices.client.MockWebServiceServerTestExecutionListener, org.springframework.test.context.web.ServletTestExecutionListener, org.springframework.test.context.support.DirtiesContextBeforeModesTestExecutionListener, org.springframework.test.context.event.ApplicationEventsTestExecutionListener, org.springframework.test.context.support.DependencyInjectionTestExecutionListener, org.springframework.test.context.support.DirtiesContextTestExecutionListener, org.springframework.test.context.transaction.TransactionalTestExecutionListener, org.springframework.test.context.jdbc.SqlScriptsTestExecutionListener, org.springframework.test.context.event.EventPublishingTestExecutionListener]
23:21:38.655 [main] INFO org.springframework.boot.test.context.SpringBootTestContextBootstrapper - Using TestExecutionListeners: [org.springframework.test.context.web.ServletTestExecutionListener@5c3b6c6e, org.springframework.test.context.support.DirtiesContextBeforeModesTestExecutionListener@4fbda97b, org.springframework.test.context.event.ApplicationEventsTestExecutionListener@75f5fd58, org.springframework.boot.test.mock.mockito.MockitoTestExecutionListener@37b70343, org.springframework.boot.test.autoconfigure.SpringBootDependencyInjectionTestExecutionListener@306851c7, org.springframework.test.context.support.DirtiesContextTestExecutionListener@12bcd0c0, org.springframework.test.context.transaction.TransactionalTestExecutionListener@4879f0f2, org.springframework.test.context.jdbc.SqlScriptsTestExecutionListener@47db5fa5, org.springframework.test.context.event.EventPublishingTestExecutionListener@354fc8f0, org.springframework.boot.test.mock.mockito.ResetMocksTestExecutionListener@41813449, org.springframework.boot.test.autoconfigure.restdocs.RestDocsTestExecutionListener@4678a2eb, org.springframework.boot.test.autoconfigure.web.client.MockRestServiceServerResetTestExecutionListener@5b43fbf6, org.springframework.boot.test.autoconfigure.web.servlet.MockMvcPrintOnlyOnFailureTestExecutionListener@1080b026, org.springframework.boot.test.autoconfigure.web.servlet.WebDriverTestExecutionListener@58ebfd03, org.springframework.boot.test.autoconfigure.webservices.client.MockWebServiceServerTestExecutionListener@5b07730f]
23:21:38.659 [main] DEBUG org.springframework.test.context.support.AbstractDirtiesContextTestExecutionListener - Before test class: context [DefaultTestContext@19fb8826 testClass = EmployeeServiceControllerTest, testInstance = [null], testMethod = [null], testException = [null], mergedContextConfiguration = [WebMergedContextConfiguration@192d74fb testClass = EmployeeServiceControllerTest, locations = '{}', classes = '{class com.jingle.ECommerceApplication}', contextInitializerClasses = '[]', activeProfiles = '{}', propertySourceLocations = '{}', propertySourceProperties = '{org.springframework.boot.test.context.SpringBootTestContextBootstrapper=true}', contextCustomizers = set[[ImportsContextCustomizer@4bef0fe3 key = [org.springframework.boot.test.autoconfigure.web.servlet.MockMvcAutoConfiguration, org.springframework.boot.test.autoconfigure.web.servlet.MockMvcWebClientAutoConfiguration, org.springframework.boot.test.autoconfigure.web.servlet.MockMvcWebDriverAutoConfiguration, org.springframework.boot.autoconfigure.security.oauth2.client.servlet.OAuth2ClientAutoConfiguration, org.springframework.boot.autoconfigure.security.oauth2.resource.servlet.OAuth2ResourceServerAutoConfiguration, org.springframework.boot.autoconfigure.security.servlet.SecurityAutoConfiguration, org.springframework.boot.autoconfigure.security.servlet.SecurityFilterAutoConfiguration, org.springframework.boot.autoconfigure.security.servlet.UserDetailsServiceAutoConfiguration, org.springframework.boot.test.autoconfigure.web.servlet.MockMvcSecurityConfiguration, org.springframework.boot.test.autoconfigure.web.reactive.WebTestClientAutoConfiguration]], org.springframework.boot.test.context.filter.ExcludeFilterContextCustomizer@56c4278e, org.springframework.boot.test.json.DuplicateJsonObjectContextCustomizerFactory$DuplicateJsonObjectContextCustomizer@59cba5a, org.springframework.boot.test.mock.mockito.MockitoContextCustomizer@0, org.springframework.boot.test.web.client.TestRestTemplateContextCustomizer@73302995, org.springframework.boot.test.autoconfigure.actuate.metrics.MetricsExportContextCustomizerFactory$DisableMetricExportContextCustomizer@95e33cc, org.springframework.boot.test.autoconfigure.properties.PropertyMappingContextCustomizer@4b3fa0b3, org.springframework.boot.test.autoconfigure.web.servlet.WebDriverContextCustomizerFactory$Customizer@36cda2c2, org.springframework.boot.test.context.SpringBootTestArgs@1, org.springframework.boot.test.context.SpringBootTestWebEnvironment@45752059], resourceBasePath = 'src/main/webapp', contextLoader = 'org.springframework.boot.test.context.SpringBootContextLoader', parent = [null]], attributes = map['org.springframework.test.context.web.ServletTestExecutionListener.activateListener' -> true]], class annotated with @DirtiesContext [false] with mode [null].

  .   ____          _            __ _ _
 /\\ / ___'_ __ _ _(_)_ __  __ _ \ \ \ \
( ( )\___ | '_ | '_| | '_ \/ _` | \ \ \ \
 \\/  ___)| |_)| | | | | || (_| |  ) ) ) )
  '  |____| .__|_| |_|_| |_\__, | / / / /
 =========|_|==============|___/=/_/_/_/
 :: Spring Boot ::                (v2.7.3)

[12-29-2022T23:21:39.039Z] [org.springframework.data.repository.config.RepositoryConfigurationDelegate] [main] [132] [INFO ] Bootstrapping Spring Data JPA repositories in DEFAULT mode.
[12-29-2022T23:21:39.039Z] [org.springframework.data.repository.config.RepositoryConfigurationDelegate] [main] [201] [INFO ] Finished Spring Data repository scanning in 37 ms. Found 1 JPA repository interfaces.
[12-29-2022T23:21:40.040Z] [org.hibernate.jpa.internal.util.LogHelper] [main] [31] [INFO ] HHH000204: Processing PersistenceUnitInfo [name: default]
[12-29-2022T23:21:40.040Z] [org.hibernate.Version] [main] [44] [INFO ] HHH000412: Hibernate ORM core version 5.6.10.Final
[12-29-2022T23:21:40.040Z] [org.hibernate.annotations.common.reflection.java.JavaReflectionManager] [main] [56] [INFO ] HCANN000001: Hibernate Commons Annotations {5.1.2.Final}
[12-29-2022T23:21:40.040Z] [com.zaxxer.hikari.HikariDataSource] [main] [110] [INFO ] HikariPool-1 - Starting...
[12-29-2022T23:21:40.040Z] [com.zaxxer.hikari.HikariDataSource] [main] [123] [INFO ] HikariPool-1 - Start completed.
[12-29-2022T23:21:40.040Z] [org.hibernate.dialect.Dialect] [main] [175] [INFO ] HHH000400: Using dialect: org.hibernate.dialect.MySQL8Dialect
[12-29-2022T23:21:41.041Z] [org.hibernate.engine.transaction.jta.platform.internal.JtaPlatformInitiator] [main] [52] [INFO ] HHH000490: Using JtaPlatform implementation: [org.hibernate.engine.transaction.jta.platform.internal.NoJtaPlatform]
[12-29-2022T23:21:41.041Z] [org.springframework.orm.jpa.AbstractEntityManagerFactoryBean] [main] [437] [INFO ] Initialized JPA EntityManagerFactory for persistence unit 'default'
[12-29-2022T23:21:41.041Z] [org.springframework.boot.autoconfigure.orm.jpa.JpaBaseConfiguration$JpaWebConfiguration] [main] [219] [WARN ] spring.jpa.open-in-view is enabled by default. Therefore, database queries may be performed during view rendering. Explicitly configure spring.jpa.open-in-view to disable this warning
[12-29-2022T23:21:42.042Z] [org.springframework.mock.web.MockServletContext] [main] [455] [INFO ] Initializing Spring TestDispatcherServlet ''
[12-29-2022T23:21:42.042Z] [org.springframework.web.servlet.FrameworkServlet] [main] [525] [INFO ] Initializing Servlet ''
[12-29-2022T23:21:42.042Z] [org.springframework.boot.actuate.endpoint.web.EndpointLinksResolver] [main] [58] [INFO ] Exposing 13 endpoint(s) beneath base path '/actuator'
[12-29-2022T23:21:42.042Z] [org.springframework.web.servlet.FrameworkServlet] [main] [547] [INFO ] Completed initialization in 31 ms
hello world1672377702443
Pre Handle method is Calling methodGETlocalarr:127.0.0.1remote addr127.0.0.1
ApplicationServletEnvironment {activeProfiles=[], defaultProfiles=[default], propertySources=[AnnotationsPropertySource {name='Annotations'}, ConfigurationPropertySourcesPropertySource {name='configurationProperties'}, MapPropertySource {name='test'}, MapPropertySource {name='Inlined Test Properties'}, StubPropertySource {name='servletConfigInitParams'}, ServletContextPropertySource {name='servletContextInitParams'}, PropertiesPropertySource {name='systemProperties'}, OriginAwareSystemEnvironmentPropertySource {name='systemEnvironment'}, RandomValuePropertySource {name='random'}, OriginTrackedMapPropertySource {name='Config resource 'class path resource [application.properties]' via location 'optional:classpath:/''},  {name='Management Server'}]}
Post Handle method is Calling
Request and Response is completed

MockHttpServletRequest:
      HTTP Method = GET
      Request URI = /employee/6
       Parameters = {}
          Headers = [Accept:"application/json"]
             Body = null
    Session Attrs = {}

Handler:
             Type = com.jingle.employee.controller.EmployeeController
           Method = com.jingle.employee.controller.EmployeeController#get(int)

Async:
    Async started = false
     Async result = null

Resolved Exception:
             Type = null

ModelAndView:
        View name = null
             View = null
            Model = null

FlashMap:
       Attributes = null

MockHttpServletResponse:
           Status = 200
    Error message = null
          Headers = []
     Content type = null
             Body = 
    Forwarded URL = null
   Redirected URL = null
          Cookies = []
]]></system-out>
  </testcase>
  <testcase name="createEmployee" classname="com.jingle.employee.EmployeeServiceControllerTest" time="0.078"/>
</testsuite>